<?xml version="1.0" encoding="UTF-8"?>
<!-- Generated by org.testng.reporters.JUnitReportReporter -->
<testsuite hostname="dell-personal1725" failures="0" tests="1" name="com.inetBanking.testCases.TestCase1" time="1.558" errors="0" timestamp="2024-02-01T18:43:51 CST" skipped="0">
  <testcase classname="com.inetBanking.testCases.TestCase1" name="loginTest" time="1.558"/>
</testsuite> <!-- com.inetBanking.testCases.TestCase1 -->
